[14:46:22] [ServerMain/INFO]: Environment: authHost='https://authserver.mojang.com', accountsHost='https://api.mojang.com', sessionHost='https://sessionserver.mojang.com', servicesHost='https://api.minecraftservices.com', name='PROD'
[14:46:23] [ServerMain/INFO]: Loaded 7 recipes
[14:46:24] [Server thread/INFO]: Starting minecraft server version 1.20.1
[14:46:24] [Server thread/INFO]: Loading properties
[14:46:24] [Server thread/INFO]: This server is running CraftBukkit version 3871-Spigot-d2eba2c-3f9263b (MC: 1.20.1) (Implementing API version 1.20.1-R0.1-SNAPSHOT)
[14:46:25] [Server thread/INFO]: Debug logging is disabled
[14:46:25] [Server thread/INFO]: Using 4 threads for Netty based IO
[14:46:25] [Server thread/INFO]: Server Ping Player Sample Count: 12
[14:46:25] [Server thread/INFO]: Default game type: SURVIVAL
[14:46:25] [Server thread/INFO]: Generating keypair
[14:46:25] [Server thread/INFO]: Starting Minecraft server on *:25565
[14:46:25] [Server thread/INFO]: Using default channel type
[14:46:25] [Server thread/INFO]: [Vulcan] Loading Vulcan v2.8.8
[14:46:26] [Server thread/INFO]: Preparing level "world"
[14:46:26] [Server thread/INFO]: -------- World Settings For [world] --------
[14:46:26] [Server thread/INFO]: Nerfing mobs spawned from spawners: false
[14:46:26] [Server thread/INFO]: Item Despawn Rate: 6000
[14:46:26] [Server thread/INFO]: View Distance: 10
[14:46:26] [Server thread/INFO]: Simulation Distance: 10
[14:46:26] [Server thread/INFO]: Item Merge Radius: 2.5
[14:46:26] [Server thread/INFO]: Allow Zombie Pigmen to spawn from portal blocks: true
[14:46:26] [Server thread/INFO]: Arrow Despawn Rate: 1200 Trident Respawn Rate:1200
[14:46:26] [Server thread/INFO]: Hopper Transfer: 8 Hopper Check: 1 Hopper Amount: 1 Hopper Can Load Chunks: false
[14:46:26] [Server thread/INFO]: Zombie Aggressive Towards Villager: true
[14:46:26] [Server thread/INFO]: Experience Merge Radius: 3.0
[14:46:26] [Server thread/INFO]: Mob Spawn Range: 6
[14:46:26] [Server thread/INFO]: Cactus Growth Modifier: 100%
[14:46:26] [Server thread/INFO]: Cane Growth Modifier: 100%
[14:46:26] [Server thread/INFO]: Melon Growth Modifier: 100%
[14:46:26] [Server thread/INFO]: Mushroom Growth Modifier: 100%
[14:46:26] [Server thread/INFO]: Pumpkin Growth Modifier: 100%
[14:46:26] [Server thread/INFO]: Sapling Growth Modifier: 100%
[14:46:26] [Server thread/INFO]: Beetroot Growth Modifier: 100%
[14:46:26] [Server thread/INFO]: Carrot Growth Modifier: 100%
[14:46:26] [Server thread/INFO]: Potato Growth Modifier: 100%
[14:46:26] [Server thread/INFO]: Wheat Growth Modifier: 100%
[14:46:26] [Server thread/INFO]: NetherWart Growth Modifier: 100%
[14:46:26] [Server thread/INFO]: Vine Growth Modifier: 100%
[14:46:26] [Server thread/INFO]: Cocoa Growth Modifier: 100%
[14:46:26] [Server thread/INFO]: Bamboo Growth Modifier: 100%
[14:46:26] [Server thread/INFO]: SweetBerry Growth Modifier: 100%
[14:46:26] [Server thread/INFO]: Kelp Growth Modifier: 100%
[14:46:26] [Server thread/INFO]: TwistingVines Growth Modifier: 100%
[14:46:26] [Server thread/INFO]: WeepingVines Growth Modifier: 100%
[14:46:26] [Server thread/INFO]: CaveVines Growth Modifier: 100%
[14:46:26] [Server thread/INFO]: Entity Tracking Range: Pl 48 / An 48 / Mo 48 / Mi 32 / Di 128 / Other 64
[14:46:26] [Server thread/INFO]: Entity Activation Range: An 32 / Mo 32 / Ra 48 / Mi 16 / Tiv true / Isa false
[14:46:26] [Server thread/INFO]: Custom Map Seeds:  Village: 10387312 Desert: 14357617 Igloo: 14357618 Jungle: 14357619 Swamp: 14357620 Monument: 10387313 Ocean: 14357621 Shipwreck: 165745295 End City: 10387313 Slime: 987234911 Nether: 30084232 Mansion: 10387319 Fossil: 14357921 Portal: 34222645
[14:46:26] [Server thread/INFO]: Max TNT Explosions: 100
[14:46:26] [Server thread/INFO]: Tile Max Tick Time: 50ms Entity max Tick Time: 50ms
[14:46:26] [Server thread/INFO]: -------- World Settings For [world_nether] --------
[14:46:26] [Server thread/INFO]: Nerfing mobs spawned from spawners: false
[14:46:26] [Server thread/INFO]: Item Despawn Rate: 6000
[14:46:26] [Server thread/INFO]: View Distance: 10
[14:46:26] [Server thread/INFO]: Simulation Distance: 10
[14:46:26] [Server thread/INFO]: Item Merge Radius: 2.5
[14:46:26] [Server thread/INFO]: Allow Zombie Pigmen to spawn from portal blocks: true
[14:46:26] [Server thread/INFO]: Arrow Despawn Rate: 1200 Trident Respawn Rate:1200
[14:46:26] [Server thread/INFO]: Hopper Transfer: 8 Hopper Check: 1 Hopper Amount: 1 Hopper Can Load Chunks: false
[14:46:26] [Server thread/INFO]: Zombie Aggressive Towards Villager: true
[14:46:26] [Server thread/INFO]: Experience Merge Radius: 3.0
[14:46:26] [Server thread/INFO]: Mob Spawn Range: 6
[14:46:26] [Server thread/INFO]: Cactus Growth Modifier: 100%
[14:46:26] [Server thread/INFO]: Cane Growth Modifier: 100%
[14:46:26] [Server thread/INFO]: Melon Growth Modifier: 100%
[14:46:26] [Server thread/INFO]: Mushroom Growth Modifier: 100%
[14:46:26] [Server thread/INFO]: Pumpkin Growth Modifier: 100%
[14:46:26] [Server thread/INFO]: Sapling Growth Modifier: 100%
[14:46:26] [Server thread/INFO]: Beetroot Growth Modifier: 100%
[14:46:26] [Server thread/INFO]: Carrot Growth Modifier: 100%
[14:46:26] [Server thread/INFO]: Potato Growth Modifier: 100%
[14:46:26] [Server thread/INFO]: Wheat Growth Modifier: 100%
[14:46:26] [Server thread/INFO]: NetherWart Growth Modifier: 100%
[14:46:26] [Server thread/INFO]: Vine Growth Modifier: 100%
[14:46:26] [Server thread/INFO]: Cocoa Growth Modifier: 100%
[14:46:26] [Server thread/INFO]: Bamboo Growth Modifier: 100%
[14:46:26] [Server thread/INFO]: SweetBerry Growth Modifier: 100%
[14:46:26] [Server thread/INFO]: Kelp Growth Modifier: 100%
[14:46:26] [Server thread/INFO]: TwistingVines Growth Modifier: 100%
[14:46:26] [Server thread/INFO]: WeepingVines Growth Modifier: 100%
[14:46:26] [Server thread/INFO]: CaveVines Growth Modifier: 100%
[14:46:26] [Server thread/INFO]: Entity Tracking Range: Pl 48 / An 48 / Mo 48 / Mi 32 / Di 128 / Other 64
[14:46:26] [Server thread/INFO]: Entity Activation Range: An 32 / Mo 32 / Ra 48 / Mi 16 / Tiv true / Isa false
[14:46:26] [Server thread/INFO]: Custom Map Seeds:  Village: 10387312 Desert: 14357617 Igloo: 14357618 Jungle: 14357619 Swamp: 14357620 Monument: 10387313 Ocean: 14357621 Shipwreck: 165745295 End City: 10387313 Slime: 987234911 Nether: 30084232 Mansion: 10387319 Fossil: 14357921 Portal: 34222645
[14:46:26] [Server thread/INFO]: Max TNT Explosions: 100
[14:46:26] [Server thread/INFO]: Tile Max Tick Time: 50ms Entity max Tick Time: 50ms
[14:46:27] [Server thread/INFO]: -------- World Settings For [world_the_end] --------
[14:46:27] [Server thread/INFO]: Nerfing mobs spawned from spawners: false
[14:46:27] [Server thread/INFO]: Item Despawn Rate: 6000
[14:46:27] [Server thread/INFO]: View Distance: 10
[14:46:27] [Server thread/INFO]: Simulation Distance: 10
[14:46:27] [Server thread/INFO]: Item Merge Radius: 2.5
[14:46:27] [Server thread/INFO]: Allow Zombie Pigmen to spawn from portal blocks: true
[14:46:27] [Server thread/INFO]: Arrow Despawn Rate: 1200 Trident Respawn Rate:1200
[14:46:27] [Server thread/INFO]: Hopper Transfer: 8 Hopper Check: 1 Hopper Amount: 1 Hopper Can Load Chunks: false
[14:46:27] [Server thread/INFO]: Zombie Aggressive Towards Villager: true
[14:46:27] [Server thread/INFO]: Experience Merge Radius: 3.0
[14:46:27] [Server thread/INFO]: Mob Spawn Range: 6
[14:46:27] [Server thread/INFO]: Cactus Growth Modifier: 100%
[14:46:27] [Server thread/INFO]: Cane Growth Modifier: 100%
[14:46:27] [Server thread/INFO]: Melon Growth Modifier: 100%
[14:46:27] [Server thread/INFO]: Mushroom Growth Modifier: 100%
[14:46:27] [Server thread/INFO]: Pumpkin Growth Modifier: 100%
[14:46:27] [Server thread/INFO]: Sapling Growth Modifier: 100%
[14:46:27] [Server thread/INFO]: Beetroot Growth Modifier: 100%
[14:46:27] [Server thread/INFO]: Carrot Growth Modifier: 100%
[14:46:27] [Server thread/INFO]: Potato Growth Modifier: 100%
[14:46:27] [Server thread/INFO]: Wheat Growth Modifier: 100%
[14:46:27] [Server thread/INFO]: NetherWart Growth Modifier: 100%
[14:46:27] [Server thread/INFO]: Vine Growth Modifier: 100%
[14:46:27] [Server thread/INFO]: Cocoa Growth Modifier: 100%
[14:46:27] [Server thread/INFO]: Bamboo Growth Modifier: 100%
[14:46:27] [Server thread/INFO]: SweetBerry Growth Modifier: 100%
[14:46:27] [Server thread/INFO]: Kelp Growth Modifier: 100%
[14:46:27] [Server thread/INFO]: TwistingVines Growth Modifier: 100%
[14:46:27] [Server thread/INFO]: WeepingVines Growth Modifier: 100%
[14:46:27] [Server thread/INFO]: CaveVines Growth Modifier: 100%
[14:46:27] [Server thread/INFO]: Entity Tracking Range: Pl 48 / An 48 / Mo 48 / Mi 32 / Di 128 / Other 64
[14:46:27] [Server thread/INFO]: Entity Activation Range: An 32 / Mo 32 / Ra 48 / Mi 16 / Tiv true / Isa false
[14:46:27] [Server thread/INFO]: Custom Map Seeds:  Village: 10387312 Desert: 14357617 Igloo: 14357618 Jungle: 14357619 Swamp: 14357620 Monument: 10387313 Ocean: 14357621 Shipwreck: 165745295 End City: 10387313 Slime: 987234911 Nether: 30084232 Mansion: 10387319 Fossil: 14357921 Portal: 34222645
[14:46:27] [Server thread/INFO]: Max TNT Explosions: 100
[14:46:27] [Server thread/INFO]: Tile Max Tick Time: 50ms Entity max Tick Time: 50ms
[14:46:27] [Server thread/INFO]: Preparing start region for dimension minecraft:overworld
[14:46:29] [Worker-Main-4/INFO]: Preparing spawn area: 0%
[14:46:29] [Worker-Main-4/INFO]: Preparing spawn area: 0%
[14:46:29] [Worker-Main-4/INFO]: Preparing spawn area: 0%
[14:46:29] [Worker-Main-4/INFO]: Preparing spawn area: 0%
[14:46:29] [Worker-Main-4/INFO]: Preparing spawn area: 0%
[14:46:29] [Worker-Main-2/INFO]: Preparing spawn area: 0%
[14:46:30] [Server thread/INFO]: Time elapsed: 2998 ms
[14:46:30] [Server thread/INFO]: Preparing start region for dimension minecraft:the_nether
[14:46:31] [Worker-Main-5/INFO]: Preparing spawn area: 0%
[14:46:31] [Worker-Main-2/INFO]: Preparing spawn area: 0%
[14:46:31] [Worker-Main-2/INFO]: Preparing spawn area: 0%
[14:46:31] [Worker-Main-10/INFO]: Preparing spawn area: 0%
[14:46:32] [Worker-Main-5/INFO]: Preparing spawn area: 24%
[14:46:32] [Server thread/INFO]: Time elapsed: 2263 ms
[14:46:32] [Server thread/INFO]: Preparing start region for dimension minecraft:the_end
[14:46:33] [Worker-Main-10/INFO]: Preparing spawn area: 0%
[14:46:33] [Worker-Main-11/INFO]: Preparing spawn area: 0%
[14:46:33] [Worker-Main-10/INFO]: Preparing spawn area: 0%
[14:46:33] [Worker-Main-6/INFO]: Preparing spawn area: 55%
[14:46:34] [Server thread/INFO]: Time elapsed: 1667 ms
[14:46:34] [Server thread/INFO]: [Vulcan] Enabling Vulcan v2.8.8
[14:46:35] [Server thread/INFO]: [Vulcan] Server Version: 1.20.1 detected!
[14:46:35] [Server thread/INFO]: [Vulcan] BStats enabled!
[14:46:35] [Server thread/ERROR]: Error occurred while enabling Vulcan v2.8.8 (Is it up to date?)
org.bukkit.plugin.messaging.ReservedChannelException: Attempted to register for a reserved channel name ('paper:minecraft')
	at org.bukkit.plugin.messaging.StandardMessenger.registerIncomingPluginChannel(StandardMessenger.java:218) ~[spigot-api-1.20.1-R0.1-SNAPSHOT.jar:?]
	at me.frep.vulcan.spigot.Vulcan_a.Vulcan_V(Vulcan_a.java:166) ~[?:?]
	at me.frep.vulcan.spigot.VulcanPlugin.onEnable(VulcanPlugin.java:22) ~[?:?]
	at org.bukkit.plugin.java.JavaPlugin.setEnabled(JavaPlugin.java:266) ~[spigot-api-1.20.1-R0.1-SNAPSHOT.jar:?]
	at org.bukkit.plugin.java.JavaPluginLoader.enablePlugin(JavaPluginLoader.java:342) ~[spigot-api-1.20.1-R0.1-SNAPSHOT.jar:?]
	at org.bukkit.plugin.SimplePluginManager.enablePlugin(SimplePluginManager.java:480) ~[spigot-api-1.20.1-R0.1-SNAPSHOT.jar:?]
	at org.bukkit.craftbukkit.v1_20_R1.CraftServer.enablePlugin(CraftServer.java:546) ~[spigot-1.20.1-R0.1-SNAPSHOT.jar:3871-Spigot-d2eba2c-3f9263b]
	at org.bukkit.craftbukkit.v1_20_R1.CraftServer.enablePlugins(CraftServer.java:460) ~[spigot-1.20.1-R0.1-SNAPSHOT.jar:3871-Spigot-d2eba2c-3f9263b]
	at net.minecraft.server.MinecraftServer.loadWorld0(MinecraftServer.java:588) ~[spigot-1.20.1-R0.1-SNAPSHOT.jar:3871-Spigot-d2eba2c-3f9263b]
	at net.minecraft.server.MinecraftServer.loadLevel(MinecraftServer.java:413) ~[spigot-1.20.1-R0.1-SNAPSHOT.jar:3871-Spigot-d2eba2c-3f9263b]
	at net.minecraft.server.dedicated.DedicatedServer.e(DedicatedServer.java:250) ~[spigot-1.20.1-R0.1-SNAPSHOT.jar:3871-Spigot-d2eba2c-3f9263b]
	at net.minecraft.server.MinecraftServer.w(MinecraftServer.java:972) ~[spigot-1.20.1-R0.1-SNAPSHOT.jar:3871-Spigot-d2eba2c-3f9263b]
	at net.minecraft.server.MinecraftServer.lambda$0(MinecraftServer.java:303) ~[spigot-1.20.1-R0.1-SNAPSHOT.jar:3871-Spigot-d2eba2c-3f9263b]
	at java.lang.Thread.run(Thread.java:1583) ~[?:?]
[14:46:35] [Server thread/INFO]: Server permissions file permissions.yml is empty, ignoring it
[14:46:35] [Server thread/INFO]: Done (9.712s)! For help, type "help"
[14:51:42] [Server thread/INFO]: Stopping server
[14:51:42] [Server thread/INFO]: [Vulcan] Disabling Vulcan v2.8.8
[14:51:42] [Server thread/INFO]: Saving players
[14:51:42] [Server thread/INFO]: Saving worlds
[14:51:43] [Server thread/INFO]: Saving chunks for level 'ServerLevel[world]'/minecraft:overworld
[14:51:44] [Server thread/INFO]: Saving chunks for level 'ServerLevel[world_nether]'/minecraft:the_nether
[14:51:44] [Server thread/INFO]: Saving chunks for level 'ServerLevel[world_the_end]'/minecraft:the_end
[14:51:44] [Server thread/INFO]: ThreadedAnvilChunkStorage (world): All chunks are saved
[14:51:44] [Server thread/INFO]: ThreadedAnvilChunkStorage (DIM-1): All chunks are saved
[14:51:44] [Server thread/INFO]: ThreadedAnvilChunkStorage (DIM1): All chunks are saved
[14:51:44] [Server thread/INFO]: ThreadedAnvilChunkStorage: All dimensions are saved
